Build started 4/26/2013 6:24:52 PM.
     1>Project "C:\Users\Jason\Documents\GitHub\SuperSimpleEngine\SuperSimpleEngine\SuperSimpleEngine.vcxproj" on node 2 (build target(s)).
     1>InitializeBuildStatus:
         Creating "Debug\SuperSimpleEngine.unsuccessfulbuild" because "AlwaysCreate" was specified.
       ClCompile:
         C:\Program Files (x86)\Microsoft Visual Studio 10.0\VC\bin\CL.exe /c /ZI /nologo /W3 /WX- /Od /Oy- /D _MBCS /Gm /EHsc /RTC1 /MDd /GS /fp:precise /Zc:wchar_t /Zc:forScope /Fo"Debug\\" /Fd"Debug\vc100.pdb" /Gd /TP /analyze- /errorReport:prompt GameManager.cpp
         GameManager.cpp
     1>c:\users\jason\documents\github\supersimpleengine\supersimpleengine\shader.h(64): warning C4244: 'initializing' : conversion from 'std::streamoff' to 'int', possible loss of data
       Link:
         C:\Program Files (x86)\Microsoft Visual Studio 10.0\VC\bin\link.exe /ERRORREPORT:PROMPT /OUT:"C:\Users\Jason\Documents\GitHub\SuperSimpleEngine\Debug\SuperSimpleEngine.exe" /NOLOGO OpenGL32.lib glew32.lib freeglut.lib kernel32.lib user32.lib gdi32.lib winspool.lib comdlg32.lib advapi32.lib shell32.lib ole32.lib oleaut32.lib uuid.lib odbc32.lib odbccp32.lib kernel32.lib user32.lib gdi32.lib winspool.lib comdlg32.lib advapi32.lib shell32.lib ole32.lib oleaut32.lib uuid.lib odbc32.lib odbccp32.lib /MANIFEST /ManifestFile:"Debug\SuperSimpleEngine.exe.intermediate.manifest" /MANIFESTUAC:"level='asInvoker' uiAccess='false'" /DEBUG /PDB:"C:\Users\Jason\Documents\GitHub\SuperSimpleEngine\Debug\SuperSimpleEngine.pdb" /TLBID:1 /DYNAMICBASE /NXCOMPAT /IMPLIB:"C:\Users\Jason\Documents\GitHub\SuperSimpleEngine\Debug\SuperSimpleEngine.lib" /MACHINE:X86 Debug\FileIO.obj
         Debug\GameManager.obj
         Debug\InputManager.obj
         Debug\Level.obj
         Debug\main.obj
         Debug\Object3D.obj
         Debug\Tile.obj
         LINK : C:\Users\Jason\Documents\GitHub\SuperSimpleEngine\Debug\SuperSimpleEngine.exe not found or not built by the last incremental link; performing full link
         SuperSimpleEngine.vcxproj -> C:\Users\Jason\Documents\GitHub\SuperSimpleEngine\Debug\SuperSimpleEngine.exe
       Manifest:
         C:\Program Files (x86)\Microsoft SDKs\Windows\v7.0A\bin\mt.exe /nologo /verbose /outputresource:"C:\Users\Jason\Documents\GitHub\SuperSimpleEngine\Debug\SuperSimpleEngine.exe;#1" /manifest Debug\SuperSimpleEngine.exe.intermediate.manifest
       FinalizeBuildStatus:
         Deleting file "Debug\SuperSimpleEngine.unsuccessfulbuild".
         Touching "Debug\SuperSimpleEngine.lastbuildstate".
     1>Done Building Project "C:\Users\Jason\Documents\GitHub\SuperSimpleEngine\SuperSimpleEngine\SuperSimpleEngine.vcxproj" (build target(s)).

Build succeeded.

Time Elapsed 00:00:06.83
